# JRE version: Java(TM) SE Runtime Environment (8.0_45-b14) (build 1.8.0_45-b14)
# Java VM: Java HotSpot(TM) 64-Bit Server VM (25.45-b02 mixed mode windows-amd64 compressed oops)
Heap:
 PSYoungGen      total 246784K, used 77857K [0x00000000eab00000, 0x0000000100000000, 0x0000000100000000)
  eden space 191488K, 11% used [0x00000000eab00000,0x00000000ec16bcd0,0x00000000f6600000)
  from space 55296K, 99% used [0x00000000f6600000,0x00000000f9b9c860,0x00000000f9c00000)
  to   space 81408K, 0% used [0x00000000fb080000,0x00000000fb080000,0x0000000100000000)
 ParOldGen       total 269824K, used 166721K [0x00000000c0000000, 0x00000000d0780000, 0x00000000eab00000)
  object space 269824K, 61% used [0x00000000c0000000,0x00000000ca2d0538,0x00000000d0780000)
 Metaspace       used 34553K, capacity 36136K, committed 36352K, reserved 1081344K
  class space    used 4023K, capacity 4594K, committed 4608K, reserved 1048576K
GC Heap History (10 events):
Event: 356.041 GC heap before
{Heap before GC invocations=26 (full 3):
 PSYoungGen      total 285184K, used 273531K [0x00000000eab00000, 0x0000000100000000, 0x0000000100000000)
  eden space 229376K, 100% used [0x00000000eab00000,0x00000000f8b00000,0x00000000f8b00000)
  from space 55808K, 79% used [0x00000000fc980000,0x00000000ff49ee40,0x0000000100000000)
  to   space 59904K, 0% used [0x00000000f8b00000,0x00000000f8b00000,0x00000000fc580000)
 ParOldGen       total 269824K, used 166689K [0x00000000c0000000, 0x00000000d0780000, 0x00000000eab00000)
  object space 269824K, 61% used [0x00000000c0000000,0x00000000ca2c8538,0x00000000d0780000)
 Metaspace       used 34341K, capacity 35836K, committed 36096K, reserved 1081344K
  class space    used 4017K, capacity 4575K, committed 4608K, reserved 1048576K
Event: 356.085 GC heap after
Heap after GC invocations=26 (full 3):
 PSYoungGen      total 277504K, used 48055K [0x00000000eab00000, 0x0000000100000000, 0x0000000100000000)
  eden space 229376K, 0% used [0x00000000eab00000,0x00000000eab00000,0x00000000f8b00000)
  from space 48128K, 99% used [0x00000000f8b00000,0x00000000fb9edd60,0x00000000fba00000)
  to   space 64000K, 0% used [0x00000000fc180000,0x00000000fc180000,0x0000000100000000)
 ParOldGen       total 269824K, used 166697K [0x00000000c0000000, 0x00000000d0780000, 0x00000000eab00000)
  object space 269824K, 61% used [0x00000000c0000000,0x00000000ca2ca538,0x00000000d0780000)
 Metaspace       used 34341K, capacity 35836K, committed 36096K, reserved 1081344K
  class space    used 4017K, capacity 4575K, committed 4608K, reserved 1048576K
}
Event: 366.490 GC heap before
{Heap before GC invocations=27 (full 3):
 PSYoungGen      total 277504K, used 277431K [0x00000000eab00000, 0x0000000100000000, 0x0000000100000000)
  eden space 229376K, 100% used [0x00000000eab00000,0x00000000f8b00000,0x00000000f8b00000)
  from space 48128K, 99% used [0x00000000f8b00000,0x00000000fb9edd60,0x00000000fba00000)
  to   space 64000K, 0% used [0x00000000fc180000,0x00000000fc180000,0x0000000100000000)
 ParOldGen       total 269824K, used 166697K [0x00000000c0000000, 0x00000000d0780000, 0x00000000eab00000)
  object space 269824K, 61% used [0x00000000c0000000,0x00000000ca2ca538,0x00000000d0780000)
 Metaspace       used 34406K, capacity 35930K, committed 36096K, reserved 1081344K
  class space    used 4018K, capacity 4581K, committed 4608K, reserved 1048576K
Event: 366.569 GC heap after
Heap after GC invocations=27 (full 3):
 PSYoungGen      total 276992K, used 49187K [0x00000000eab00000, 0x0000000100000000, 0x0000000100000000)
  eden space 212992K, 0% used [0x00000000eab00000,0x00000000eab00000,0x00000000f7b00000)
  from space 64000K, 76% used [0x00000000fc180000,0x00000000ff188c60,0x0000000100000000)
  to   space 68096K, 0% used [0x00000000f7b00000,0x00000000f7b00000,0x00000000fbd80000)
 ParOldGen       total 269824K, used 166705K [0x00000000c0000000, 0x00000000d0780000, 0x00000000eab00000)
  object space 269824K, 61% used [0x00000000c0000000,0x00000000ca2cc538,0x00000000d0780000)
 Metaspace       used 34406K, capacity 35930K, committed 36096K, reserved 1081344K
  class space    used 4018K, capacity 4581K, committed 4608K, reserved 1048576K
}
Event: 370.641 GC heap before
{Heap before GC invocations=28 (full 3):
 PSYoungGen      total 276992K, used 262179K [0x00000000eab00000, 0x0000000100000000, 0x0000000100000000)
  eden space 212992K, 100% used [0x00000000eab00000,0x00000000f7b00000,0x00000000f7b00000)
  from space 64000K, 76% used [0x00000000fc180000,0x00000000ff188c60,0x0000000100000000)
  to   space 68096K, 0% used [0x00000000f7b00000,0x00000000f7b00000,0x00000000fbd80000)
 ParOldGen       total 269824K, used 166705K [0x00000000c0000000, 0x00000000d0780000, 0x00000000eab00000)
  object space 269824K, 61% used [0x00000000c0000000,0x00000000ca2cc538,0x00000000d0780000)
 Metaspace       used 34438K, capacity 35940K, committed 36096K, reserved 1081344K
  class space    used 4020K, capacity 4583K, committed 4608K, reserved 1048576K
Event: 370.690 GC heap after
Heap after GC invocations=28 (full 3):
 PSYoungGen      total 267776K, used 54531K [0x00000000eab00000, 0x0000000100000000, 0x0000000100000000)
  eden space 212992K, 0% used [0x00000000eab00000,0x00000000eab00000,0x00000000f7b00000)
  from space 54784K, 99% used [0x00000000f7b00000,0x00000000fb040c30,0x00000000fb080000)
  to   space 72704K, 0% used [0x00000000fb900000,0x00000000fb900000,0x0000000100000000)
 ParOldGen       total 269824K, used 166713K [0x00000000c0000000, 0x00000000d0780000, 0x00000000eab00000)
  object space 269824K, 61% used [0x00000000c0000000,0x00000000ca2ce538,0x00000000d0780000)
 Metaspace       used 34438K, capacity 35940K, committed 36096K, reserved 1081344K
  class space    used 4020K, capacity 4583K, committed 4608K, reserved 1048576K
}
Event: 377.015 GC heap before
{Heap before GC invocations=29 (full 3):
 PSYoungGen      total 267776K, used 267523K [0x00000000eab00000, 0x0000000100000000, 0x0000000100000000)
  eden space 212992K, 100% used [0x00000000eab00000,0x00000000f7b00000,0x00000000f7b00000)
  from space 54784K, 99% used [0x00000000f7b00000,0x00000000fb040c30,0x00000000fb080000)
  to   space 72704K, 0% used [0x00000000fb900000,0x00000000fb900000,0x0000000100000000)
 ParOldGen       total 269824K, used 166713K [0x00000000c0000000, 0x00000000d0780000, 0x00000000eab00000)
  object space 269824K, 61% used [0x00000000c0000000,0x00000000ca2ce538,0x00000000d0780000)
 Metaspace       used 34494K, capacity 36096K, committed 36352K, reserved 1081344K
  class space    used 4021K, capacity 4587K, committed 4608K, reserved 1048576K
Event: 377.060 GC heap after
Heap after GC invocations=29 (full 3):
 PSYoungGen      total 264192K, used 59801K [0x00000000eab00000, 0x0000000100000000, 0x0000000100000000)
  eden space 191488K, 0% used [0x00000000eab00000,0x00000000eab00000,0x00000000f6600000)
  from space 72704K, 82% used [0x00000000fb900000,0x00000000ff366498,0x0000000100000000)
  to   space 78848K, 0% used [0x00000000f6600000,0x00000000f6600000,0x00000000fb300000)
 ParOldGen       total 269824K, used 166721K [0x00000000c0000000, 0x00000000d0780000, 0x00000000eab00000)
  object space 269824K, 61% used [0x00000000c0000000,0x00000000ca2d0538,0x00000000d0780000)
 Metaspace       used 34494K, capacity 36096K, committed 36352K, reserved 1081344K
  class space    used 4021K, capacity 4587K, committed 4608K, reserved 1048576K
}
Event: 379.227 GC heap before
{Heap before GC invocations=30 (full 3):
 PSYoungGen      total 264192K, used 251289K [0x00000000eab00000, 0x0000000100000000, 0x0000000100000000)
  eden space 191488K, 100% used [0x00000000eab00000,0x00000000f6600000,0x00000000f6600000)
  from space 72704K, 82% used [0x00000000fb900000,0x00000000ff366498,0x0000000100000000)
  to   space 78848K, 0% used [0x00000000f6600000,0x00000000f6600000,0x00000000fb300000)
 ParOldGen       total 269824K, used 166721K [0x00000000c0000000, 0x00000000d0780000, 0x00000000eab00000)
  object space 269824K, 61% used [0x00000000c0000000,0x00000000ca2d0538,0x00000000d0780000)
 Metaspace       used 34531K, capacity 36122K, committed 36352K, reserved 1081344K
  class space    used 4023K, capacity 4592K, committed 4608K, reserved 1048576K
Event: 379.277 GC heap after
Heap after GC invocations=30 (full 3):
 PSYoungGen      total 246784K, used 54898K [0x00000000eab00000, 0x0000000100000000, 0x0000000100000000)
  eden space 191488K, 0% used [0x00000000eab00000,0x00000000eab00000,0x00000000f6600000)
  from space 55296K, 99% used [0x00000000f6600000,0x00000000f9b9c860,0x00000000f9c00000)
  to   space 81408K, 0% used [0x00000000fb080000,0x00000000fb080000,0x0000000100000000)
 ParOldGen       total 269824K, used 166721K [0x00000000c0000000, 0x00000000d0780000, 0x00000000eab00000)
  object space 269824K, 61% used [0x00000000c0000000,0x00000000ca2d0538,0x00000000d0780000)
 Metaspace       used 34531K, capacity 36122K, committed 36352K, reserved 1081344K
  class space    used 4023K, capacity 4592K, committed 4608K, reserved 1048576K
}

